0 verbose cli /opt/homebrew/Cellar/node/24.9.0_1/bin/node /opt/homebrew/bin/npm
1 info using npm@11.6.0
2 info using node@v24.9.0
3 silly config load:file:/opt/homebrew/lib/node_modules/npm/npmrc
4 silly config load:file:/Users/oolong_/Desktop/CS5610/Week02/Personal_page/Shaobo_Homepage/.npmrc
5 silly config load:file:/Users/oolong_/.npmrc
6 silly config load:file:/opt/homebrew/etc/npmrc
7 verbose title npm i http-server
8 verbose argv "i" "--save-dev" "http-server" "--cache" ".npm-cache"
9 verbose logfile logs-max:10 dir:/Users/oolong_/Desktop/CS5610/Week02/Personal_page/Shaobo_Homepage/.npm-cache/_logs/2025-10-30T02_02_23_428Z-
10 verbose logfile /Users/oolong_/Desktop/CS5610/Week02/Personal_page/Shaobo_Homepage/.npm-cache/_logs/2025-10-30T02_02_23_428Z-debug-0.log
11 silly logfile done cleaning log files
12 silly packumentCache heap:2348810240 maxSize:587202560 maxEntrySize:293601280
13 silly idealTree buildDeps
14 silly fetch manifest http-server@*
15 silly packumentCache full:https://registry.npmjs.org/http-server cache-miss
16 verbose shrinkwrap failed to load node_modules/.package-lock.json out of date, updated: node_modules
17 http fetch GET 200 https://registry.npmjs.org/http-server 149ms (cache miss)
18 silly packumentCache full:https://registry.npmjs.org/http-server set size:undefined disposed:false
19 silly placeDep ROOT http-server@14.1.1 OK for: project01_homepage@1.0.0 want: *
20 silly fetch manifest he@^1.2.0
21 silly packumentCache full:https://registry.npmjs.org/he cache-miss
22 silly fetch manifest mime@^1.6.0
23 silly packumentCache full:https://registry.npmjs.org/mime cache-miss
24 silly fetch manifest union@~0.5.0
25 silly packumentCache full:https://registry.npmjs.org/union cache-miss
26 silly fetch manifest corser@^2.0.1
27 silly packumentCache full:https://registry.npmjs.org/corser cache-miss
28 silly fetch manifest opener@^1.5.1
29 silly packumentCache full:https://registry.npmjs.org/opener cache-miss
30 silly fetch manifest minimist@^1.2.6
31 silly packumentCache full:https://registry.npmjs.org/minimist cache-miss
32 silly fetch manifest url-join@^4.0.1
33 silly packumentCache full:https://registry.npmjs.org/url-join cache-miss
34 http fetch GET 200 https://registry.npmjs.org/npm 240ms
35 http fetch GET 200 https://registry.npmjs.org/he 74ms (cache miss)
36 silly packumentCache full:https://registry.npmjs.org/he set size:undefined disposed:false
37 silly fetch manifest basic-auth@^2.0.1
38 silly packumentCache full:https://registry.npmjs.org/basic-auth cache-miss
39 http fetch GET 200 https://registry.npmjs.org/minimist 145ms (cache miss)
40 silly packumentCache full:https://registry.npmjs.org/minimist set size:undefined disposed:false
41 silly fetch manifest http-proxy@^1.18.1
42 silly packumentCache full:https://registry.npmjs.org/http-proxy cache-miss
43 http fetch GET 200 https://registry.npmjs.org/http-proxy 45ms (cache miss)
44 silly packumentCache full:https://registry.npmjs.org/http-proxy set size:undefined disposed:false
45 silly fetch manifest portfinder@^1.0.28
46 silly packumentCache full:https://registry.npmjs.org/portfinder cache-miss
47 http fetch GET 200 https://registry.npmjs.org/basic-auth 118ms (cache miss)
48 silly packumentCache full:https://registry.npmjs.org/basic-auth set size:undefined disposed:false
49 silly fetch manifest secure-compare@3.0.1
50 silly packumentCache full:https://registry.npmjs.org/secure-compare cache-miss
51 http fetch GET 200 https://registry.npmjs.org/opener 200ms (cache miss)
52 silly packumentCache full:https://registry.npmjs.org/opener set size:undefined disposed:false
53 silly fetch manifest html-encoding-sniffer@^3.0.0
54 silly packumentCache full:https://registry.npmjs.org/html-encoding-sniffer cache-miss
55 http fetch GET 200 https://registry.npmjs.org/mime 205ms (cache miss)
56 silly packumentCache full:https://registry.npmjs.org/mime set size:undefined disposed:false
57 http fetch GET 200 https://registry.npmjs.org/corser 217ms (cache miss)
58 silly packumentCache full:https://registry.npmjs.org/corser set size:undefined disposed:false
59 http fetch GET 200 https://registry.npmjs.org/union 241ms (cache miss)
60 silly packumentCache full:https://registry.npmjs.org/union set size:undefined disposed:false
61 http fetch GET 200 https://registry.npmjs.org/portfinder 54ms (cache miss)
62 silly packumentCache full:https://registry.npmjs.org/portfinder set size:undefined disposed:false
63 http fetch GET 200 https://registry.npmjs.org/url-join 261ms (cache miss)
64 silly packumentCache full:https://registry.npmjs.org/url-join set size:undefined disposed:false
65 http fetch GET 200 https://registry.npmjs.org/secure-compare 68ms (cache miss)
66 silly packumentCache full:https://registry.npmjs.org/secure-compare set size:undefined disposed:false
67 http fetch GET 200 https://registry.npmjs.org/html-encoding-sniffer 87ms (cache miss)
68 silly packumentCache full:https://registry.npmjs.org/html-encoding-sniffer set size:undefined disposed:false
69 silly placeDep ROOT basic-auth@2.0.1 OK for: http-server@14.1.1 want: ^2.0.1
70 silly placeDep ROOT corser@2.0.1 OK for: http-server@14.1.1 want: ^2.0.1
71 silly placeDep ROOT he@1.2.0 OK for: http-server@14.1.1 want: ^1.2.0
72 silly placeDep ROOT html-encoding-sniffer@3.0.0 OK for: http-server@14.1.1 want: ^3.0.0
73 silly placeDep ROOT http-proxy@1.18.1 OK for: http-server@14.1.1 want: ^1.18.1
74 silly placeDep ROOT mime@1.6.0 OK for: http-server@14.1.1 want: ^1.6.0
75 silly placeDep ROOT minimist@1.2.8 OK for: http-server@14.1.1 want: ^1.2.6
76 silly placeDep ROOT opener@1.5.2 OK for: http-server@14.1.1 want: ^1.5.1
77 silly placeDep ROOT portfinder@1.0.38 OK for: http-server@14.1.1 want: ^1.0.28
78 silly placeDep ROOT secure-compare@3.0.1 OK for: http-server@14.1.1 want: 3.0.1
79 silly placeDep ROOT union@0.5.0 OK for: http-server@14.1.1 want: ~0.5.0
80 silly placeDep ROOT url-join@4.0.1 OK for: http-server@14.1.1 want: ^4.0.1
81 silly fetch manifest safe-buffer@5.1.2
82 silly packumentCache full:https://registry.npmjs.org/safe-buffer cache-miss
83 silly fetch manifest whatwg-encoding@^2.0.0
84 silly packumentCache full:https://registry.npmjs.org/whatwg-encoding cache-miss
85 silly fetch manifest eventemitter3@^4.0.0
86 silly packumentCache full:https://registry.npmjs.org/eventemitter3 cache-miss
87 silly fetch manifest requires-port@^1.0.0
88 silly packumentCache full:https://registry.npmjs.org/requires-port cache-miss
89 silly fetch manifest follow-redirects@^1.0.0
90 silly packumentCache full:https://registry.npmjs.org/follow-redirects cache-miss
91 silly fetch manifest async@^3.2.6
92 silly packumentCache full:https://registry.npmjs.org/async cache-miss
93 silly fetch manifest qs@^6.4.0
94 silly packumentCache full:https://registry.npmjs.org/qs cache-miss
95 http fetch GET 200 https://registry.npmjs.org/safe-buffer 51ms (cache miss)
96 silly packumentCache full:https://registry.npmjs.org/safe-buffer set size:undefined disposed:false
97 http fetch GET 200 https://registry.npmjs.org/qs 61ms (cache miss)
98 silly packumentCache full:https://registry.npmjs.org/qs set size:undefined disposed:false
99 http fetch GET 200 https://registry.npmjs.org/follow-redirects 66ms (cache miss)
100 silly packumentCache full:https://registry.npmjs.org/follow-redirects set size:undefined disposed:false
101 http fetch GET 200 https://registry.npmjs.org/eventemitter3 68ms (cache miss)
102 silly packumentCache full:https://registry.npmjs.org/eventemitter3 set size:undefined disposed:false
103 http fetch GET 200 https://registry.npmjs.org/whatwg-encoding 86ms (cache miss)
104 silly packumentCache full:https://registry.npmjs.org/whatwg-encoding set size:undefined disposed:false
105 http fetch GET 200 https://registry.npmjs.org/requires-port 89ms (cache miss)
106 silly packumentCache full:https://registry.npmjs.org/requires-port set size:undefined disposed:false
107 http fetch GET 200 https://registry.npmjs.org/async 143ms (cache miss)
108 silly packumentCache full:https://registry.npmjs.org/async set size:undefined disposed:false
109 silly placeDep ROOT safe-buffer@5.1.2 OK for: basic-auth@2.0.1 want: 5.1.2
110 silly placeDep ROOT whatwg-encoding@2.0.0 OK for: html-encoding-sniffer@3.0.0 want: ^2.0.0
111 silly fetch manifest iconv-lite@0.6.3
112 silly packumentCache full:https://registry.npmjs.org/iconv-lite cache-miss
113 http fetch GET 200 https://registry.npmjs.org/iconv-lite 73ms (cache miss)
114 silly packumentCache full:https://registry.npmjs.org/iconv-lite set size:undefined disposed:false
115 silly placeDep ROOT eventemitter3@4.0.7 OK for: http-proxy@1.18.1 want: ^4.0.0
116 silly placeDep ROOT follow-redirects@1.15.11 OK for: http-proxy@1.18.1 want: ^1.0.0
117 silly placeDep ROOT requires-port@1.0.0 OK for: http-proxy@1.18.1 want: ^1.0.0
118 silly placeDep ROOT async@3.2.6 OK for: portfinder@1.0.38 want: ^3.2.6
119 silly placeDep ROOT qs@6.14.0 OK for: union@0.5.0 want: ^6.4.0
120 silly fetch manifest side-channel@^1.1.0
121 silly packumentCache full:https://registry.npmjs.org/side-channel cache-miss
122 http fetch GET 200 https://registry.npmjs.org/side-channel 44ms (cache miss)
123 silly packumentCache full:https://registry.npmjs.org/side-channel set size:undefined disposed:false
124 silly placeDep ROOT side-channel@1.1.0 OK for: qs@6.14.0 want: ^1.1.0
125 silly fetch manifest es-errors@^1.3.0
126 silly packumentCache full:https://registry.npmjs.org/es-errors cache-miss
127 silly fetch manifest object-inspect@^1.13.3
128 silly packumentCache full:https://registry.npmjs.org/object-inspect cache-miss
129 silly fetch manifest side-channel-list@^1.0.0
130 silly packumentCache full:https://registry.npmjs.org/side-channel-list cache-miss
131 silly fetch manifest side-channel-map@^1.0.1
132 silly packumentCache full:https://registry.npmjs.org/side-channel-map cache-miss
133 silly fetch manifest side-channel-weakmap@^1.0.2
134 silly packumentCache full:https://registry.npmjs.org/side-channel-weakmap cache-miss
135 http fetch GET 200 https://registry.npmjs.org/es-errors 42ms (cache miss)
136 silly packumentCache full:https://registry.npmjs.org/es-errors set size:undefined disposed:false
137 http fetch GET 200 https://registry.npmjs.org/side-channel-list 61ms (cache miss)
138 silly packumentCache full:https://registry.npmjs.org/side-channel-list set size:undefined disposed:false
139 http fetch GET 200 https://registry.npmjs.org/side-channel-weakmap 61ms (cache miss)
140 silly packumentCache full:https://registry.npmjs.org/side-channel-weakmap set size:undefined disposed:false
141 http fetch GET 200 https://registry.npmjs.org/object-inspect 64ms (cache miss)
142 silly packumentCache full:https://registry.npmjs.org/object-inspect set size:undefined disposed:false
143 http fetch GET 200 https://registry.npmjs.org/side-channel-map 85ms (cache miss)
144 silly packumentCache full:https://registry.npmjs.org/side-channel-map set size:undefined disposed:false
145 silly placeDep ROOT es-errors@1.3.0 OK for: side-channel@1.1.0 want: ^1.3.0
146 silly placeDep ROOT object-inspect@1.13.4 OK for: side-channel@1.1.0 want: ^1.13.3
147 silly placeDep ROOT side-channel-list@1.0.0 OK for: side-channel@1.1.0 want: ^1.0.0
148 silly placeDep ROOT side-channel-map@1.0.1 OK for: side-channel@1.1.0 want: ^1.0.1
149 silly placeDep ROOT side-channel-weakmap@1.0.2 OK for: side-channel@1.1.0 want: ^1.0.2
150 silly fetch manifest call-bound@^1.0.2
151 silly packumentCache full:https://registry.npmjs.org/call-bound cache-miss
152 silly fetch manifest get-intrinsic@^1.2.5
153 silly packumentCache full:https://registry.npmjs.org/get-intrinsic cache-miss
154 silly fetch manifest call-bound@^1.0.2
155 silly packumentCache full:https://registry.npmjs.org/call-bound cache-miss
156 silly fetch manifest get-intrinsic@^1.2.5
157 silly packumentCache full:https://registry.npmjs.org/get-intrinsic cache-miss
158 http fetch GET 200 https://registry.npmjs.org/call-bound 47ms (cache miss)
159 silly packumentCache full:https://registry.npmjs.org/call-bound set size:undefined disposed:false
160 http fetch GET 200 https://registry.npmjs.org/get-intrinsic 62ms (cache miss)
161 silly packumentCache full:https://registry.npmjs.org/get-intrinsic set size:undefined disposed:false
162 http fetch GET 200 https://registry.npmjs.org/get-intrinsic 75ms (cache miss)
163 silly packumentCache full:https://registry.npmjs.org/get-intrinsic set size:undefined disposed:false
164 http fetch GET 200 https://registry.npmjs.org/call-bound 133ms (cache miss)
165 silly packumentCache full:https://registry.npmjs.org/call-bound set size:undefined disposed:false
166 silly placeDep ROOT call-bound@1.0.4 OK for: side-channel-map@1.0.1 want: ^1.0.2
167 silly placeDep ROOT get-intrinsic@1.3.0 OK for: side-channel-map@1.0.1 want: ^1.2.5
168 silly fetch manifest call-bind-apply-helpers@^1.0.2
169 silly packumentCache full:https://registry.npmjs.org/call-bind-apply-helpers cache-miss
170 silly fetch manifest get-intrinsic@^1.3.0
171 silly packumentCache full:https://registry.npmjs.org/get-intrinsic cache-miss
172 silly fetch manifest gopd@^1.2.0
173 silly packumentCache full:https://registry.npmjs.org/gopd cache-miss
174 silly fetch manifest hasown@^2.0.2
175 silly packumentCache full:https://registry.npmjs.org/hasown cache-miss
176 silly fetch manifest get-proto@^1.0.1
177 silly packumentCache full:https://registry.npmjs.org/get-proto cache-miss
178 silly fetch manifest has-symbols@^1.1.0
179 silly packumentCache full:https://registry.npmjs.org/has-symbols cache-miss
180 silly fetch manifest function-bind@^1.1.2
181 silly packumentCache full:https://registry.npmjs.org/function-bind cache-miss
182 http cache https://registry.npmjs.org/get-intrinsic 12ms (cache hit)
183 silly packumentCache full:https://registry.npmjs.org/get-intrinsic set size:60985 disposed:false
184 silly fetch manifest es-object-atoms@^1.1.1
185 silly packumentCache full:https://registry.npmjs.org/es-object-atoms cache-miss
186 http fetch GET 200 https://registry.npmjs.org/call-bind-apply-helpers 57ms (cache miss)
187 silly packumentCache full:https://registry.npmjs.org/call-bind-apply-helpers set size:undefined disposed:false
188 silly fetch manifest math-intrinsics@^1.1.0
189 silly packumentCache full:https://registry.npmjs.org/math-intrinsics cache-miss
190 http fetch GET 200 https://registry.npmjs.org/gopd 58ms (cache miss)
191 silly packumentCache full:https://registry.npmjs.org/gopd set size:undefined disposed:false
192 silly fetch manifest es-define-property@^1.0.1
193 silly packumentCache full:https://registry.npmjs.org/es-define-property cache-miss
194 http fetch GET 200 https://registry.npmjs.org/hasown 59ms (cache miss)
195 silly packumentCache full:https://registry.npmjs.org/hasown set size:undefined disposed:false
196 http fetch GET 200 https://registry.npmjs.org/get-proto 69ms (cache miss)
197 silly packumentCache full:https://registry.npmjs.org/get-proto set size:undefined disposed:false
198 http fetch GET 200 https://registry.npmjs.org/has-symbols 69ms (cache miss)
199 silly packumentCache full:https://registry.npmjs.org/has-symbols set size:undefined disposed:false
200 http fetch GET 200 https://registry.npmjs.org/es-object-atoms 62ms (cache miss)
201 silly packumentCache full:https://registry.npmjs.org/es-object-atoms set size:undefined disposed:false
202 http fetch GET 200 https://registry.npmjs.org/function-bind 77ms (cache miss)
203 silly packumentCache full:https://registry.npmjs.org/function-bind set size:undefined disposed:false
204 http fetch GET 200 https://registry.npmjs.org/es-define-property 51ms (cache miss)
205 silly packumentCache full:https://registry.npmjs.org/es-define-property set size:undefined disposed:false
206 http fetch GET 200 https://registry.npmjs.org/math-intrinsics 101ms (cache miss)
207 silly packumentCache full:https://registry.npmjs.org/math-intrinsics set size:undefined disposed:false
208 silly placeDep ROOT call-bind-apply-helpers@1.0.2 OK for: call-bound@1.0.4 want: ^1.0.2
209 silly placeDep ROOT function-bind@1.1.2 OK for: call-bind-apply-helpers@1.0.2 want: ^1.1.2
210 silly placeDep ROOT es-define-property@1.0.1 OK for: get-intrinsic@1.3.0 want: ^1.0.1
211 silly placeDep ROOT es-object-atoms@1.1.1 OK for: get-intrinsic@1.3.0 want: ^1.1.1
212 silly placeDep ROOT get-proto@1.0.1 OK for: get-intrinsic@1.3.0 want: ^1.0.1
213 silly placeDep ROOT gopd@1.2.0 OK for: get-intrinsic@1.3.0 want: ^1.2.0
214 silly placeDep ROOT has-symbols@1.1.0 OK for: get-intrinsic@1.3.0 want: ^1.1.0
215 silly placeDep ROOT hasown@2.0.2 OK for: get-intrinsic@1.3.0 want: ^2.0.2
216 silly placeDep ROOT math-intrinsics@1.1.0 OK for: get-intrinsic@1.3.0 want: ^1.1.0
217 silly fetch manifest dunder-proto@^1.0.1
218 silly packumentCache full:https://registry.npmjs.org/dunder-proto cache-miss
219 http fetch GET 200 https://registry.npmjs.org/dunder-proto 62ms (cache miss)
220 silly packumentCache full:https://registry.npmjs.org/dunder-proto set size:undefined disposed:false
221 silly placeDep ROOT dunder-proto@1.0.1 OK for: get-proto@1.0.1 want: ^1.0.1
222 silly placeDep ROOT iconv-lite@0.6.3 OK for: whatwg-encoding@2.0.0 want: 0.6.3
223 silly fetch manifest safer-buffer@>= 2.1.2 < 3.0.0
224 silly packumentCache full:https://registry.npmjs.org/safer-buffer cache-miss
225 http fetch GET 200 https://registry.npmjs.org/safer-buffer 121ms (cache miss)
226 silly packumentCache full:https://registry.npmjs.org/safer-buffer set size:undefined disposed:false
227 silly placeDep ROOT safer-buffer@2.1.2 OK for: iconv-lite@0.6.3 want: >= 2.1.2 < 3.0.0
228 silly reify moves {}
229 silly audit bulk request {
229 silly audit   '@eslint-community/eslint-utils': [ '4.9.0' ],
229 silly audit   'eslint-visitor-keys': [ '3.4.3', '4.2.1' ],
229 silly audit   '@eslint-community/regexpp': [ '4.12.1' ],
229 silly audit   '@eslint/config-array': [ '0.21.0' ],
229 silly audit   '@eslint/config-helpers': [ '0.3.1' ],
229 silly audit   '@eslint/core': [ '0.15.2' ],
229 silly audit   '@eslint/eslintrc': [ '3.3.1' ],
229 silly audit   globals: [ '14.0.0', '16.4.0' ],
229 silly audit   '@eslint/js': [ '9.36.0' ],
229 silly audit   '@eslint/object-schema': [ '2.1.6' ],
229 silly audit   '@eslint/plugin-kit': [ '0.3.5' ],
229 silly audit   '@humanfs/core': [ '0.19.1' ],
229 silly audit   '@humanfs/node': [ '0.16.7' ],
229 silly audit   '@humanwhocodes/module-importer': [ '1.0.1' ],
229 silly audit   '@humanwhocodes/retry': [ '0.4.3' ],
229 silly audit   '@types/estree': [ '1.0.8' ],
229 silly audit   '@types/json-schema': [ '7.0.15' ],
229 silly audit   acorn: [ '8.15.0' ],
229 silly audit   'acorn-jsx': [ '5.3.2' ],
229 silly audit   ajv: [ '6.12.6' ],
229 silly audit   'ansi-styles': [ '4.3.0' ],
229 silly audit   argparse: [ '2.0.1' ],
229 silly audit   'balanced-match': [ '1.0.2' ],
229 silly audit   'brace-expansion': [ '1.1.12' ],
229 silly audit   callsites: [ '3.1.0' ],
229 silly audit   chalk: [ '4.1.2' ],
229 silly audit   'color-convert': [ '2.0.1' ],
229 silly audit   'color-name': [ '1.1.4' ],
229 silly audit   'concat-map': [ '0.0.1' ],
229 silly audit   'cross-spawn': [ '7.0.6' ],
229 silly audit   debug: [ '4.4.3' ],
229 silly audit   'deep-is': [ '0.1.4' ],
229 silly audit   'escape-string-regexp': [ '4.0.0' ],
229 silly audit   eslint: [ '9.36.0' ],
229 silly audit   'eslint-config-prettier': [ '10.1.8' ],
229 silly audit   'eslint-scope': [ '8.4.0' ],
229 silly audit   espree: [ '10.4.0' ],
229 silly audit   esquery: [ '1.6.0' ],
229 silly audit   esrecurse: [ '4.3.0' ],
229 silly audit   estraverse: [ '5.3.0' ],
229 silly audit   esutils: [ '2.0.3' ],
229 silly audit   'fast-deep-equal': [ '3.1.3' ],
229 silly audit   'fast-json-stable-stringify': [ '2.1.0' ],
229 silly audit   'fast-levenshtein': [ '2.0.6' ],
229 silly audit   'file-entry-cache': [ '8.0.0' ],
229 silly audit   'find-up': [ '5.0.0' ],
229 silly audit   'flat-cache': [ '4.0.1' ],
229 silly audit   flatted: [ '3.3.3' ],
229 silly audit   'glob-parent': [ '6.0.2' ],
229 silly audit   'has-flag': [ '4.0.0' ],
229 silly audit   ignore: [ '5.3.2' ],
229 silly audit   'import-fresh': [ '3.3.1' ],
229 silly audit   imurmurhash: [ '0.1.4' ],
229 silly audit   'is-extglob': [ '2.1.1' ],
229 silly audit   'is-glob': [ '4.0.3' ],
229 silly audit   isexe: [ '2.0.0' ],
229 silly audit   'js-yaml': [ '4.1.0' ],
229 silly audit   'json-buffer': [ '3.0.1' ],
229 silly audit   'json-schema-traverse': [ '0.4.1' ],
229 silly audit   'json-stable-stringify-without-jsonify': [ '1.0.1' ],
229 silly audit   keyv: [ '4.5.4' ],
229 silly audit   levn: [ '0.4.1' ],
229 silly audit   'locate-path': [ '6.0.0' ],
229 silly audit   'lodash.merge': [ '4.6.2' ],
229 silly audit   minimatch: [ '3.1.2' ],
229 silly audit   ms: [ '2.1.3' ],
229 silly audit   'natural-compare': [ '1.4.0' ],
229 silly audit   optionator: [ '0.9.4' ],
229 silly audit   'p-limit': [ '3.1.0' ],
229 silly audit   'p-locate': [ '5.0.0' ],
229 silly audit   'parent-module': [ '1.0.1' ],
229 silly audit   'path-exists': [ '4.0.0' ],
229 silly audit   'path-key': [ '3.1.1' ],
229 silly audit   'prelude-ls': [ '1.2.1' ],
229 silly audit   prettier: [ '3.6.2' ],
229 silly audit   punycode: [ '2.3.1' ],
229 silly audit   'resolve-from': [ '4.0.0' ],
229 silly audit   'shebang-command': [ '2.0.0' ],
229 silly audit   'shebang-regex': [ '3.0.0' ],
229 silly audit   'strip-json-comments': [ '3.1.1' ],
229 silly audit   'supports-color': [ '7.2.0' ],
229 silly audit   'type-check': [ '0.4.0' ],
229 silly audit   'uri-js': [ '4.4.1' ],
229 silly audit   which: [ '2.0.2' ],
229 silly audit   'word-wrap': [ '1.2.5' ],
229 silly audit   'yocto-queue': [ '0.1.0' ],
229 silly audit   'http-server': [ '14.1.1' ],
229 silly audit   'basic-auth': [ '2.0.1' ],
229 silly audit   corser: [ '2.0.1' ],
229 silly audit   he: [ '1.2.0' ],
229 silly audit   'html-encoding-sniffer': [ '3.0.0' ],
229 silly audit   'http-proxy': [ '1.18.1' ],
229 silly audit   mime: [ '1.6.0' ],
229 silly audit   minimist: [ '1.2.8' ],
229 silly audit   opener: [ '1.5.2' ],
229 silly audit   portfinder: [ '1.0.38' ],
229 silly audit   'secure-compare': [ '3.0.1' ],
229 silly audit   union: [ '0.5.0' ],
229 silly audit   'url-join': [ '4.0.1' ],
229 silly audit   'safe-buffer': [ '5.1.2' ],
229 silly audit   'whatwg-encoding': [ '2.0.0' ],
229 silly audit   eventemitter3: [ '4.0.7' ],
229 silly audit   'follow-redirects': [ '1.15.11' ],
229 silly audit   'requires-port': [ '1.0.0' ],
229 silly audit   async: [ '3.2.6' ],
229 silly audit   qs: [ '6.14.0' ],
229 silly audit   'side-channel': [ '1.1.0' ],
229 silly audit   'es-errors': [ '1.3.0' ],
229 silly audit   'object-inspect': [ '1.13.4' ],
229 silly audit   'side-channel-list': [ '1.0.0' ],
229 silly audit   'side-channel-map': [ '1.0.1' ],
229 silly audit   'side-channel-weakmap': [ '1.0.2' ],
229 silly audit   'call-bound': [ '1.0.4' ],
229 silly audit   'get-intrinsic': [ '1.3.0' ],
229 silly audit   'call-bind-apply-helpers': [ '1.0.2' ],
229 silly audit   'function-bind': [ '1.1.2' ],
229 silly audit   'es-define-property': [ '1.0.1' ],
229 silly audit   'es-object-atoms': [ '1.1.1' ],
229 silly audit   'get-proto': [ '1.0.1' ],
229 silly audit   gopd: [ '1.2.0' ],
229 silly audit   'has-symbols': [ '1.1.0' ],
229 silly audit   hasown: [ '2.0.2' ],
229 silly audit   'math-intrinsics': [ '1.1.0' ],
229 silly audit   'dunder-proto': [ '1.0.1' ],
229 silly audit   'iconv-lite': [ '0.6.3' ],
229 silly audit   'safer-buffer': [ '2.1.2' ]
229 silly audit }
230 http cache safer-buffer@https://registry.npmjs.org/safer-buffer/-/safer-buffer-2.1.2.tgz 0ms (cache hit)
231 http cache iconv-lite@https://registry.npmjs.org/iconv-lite/-/iconv-lite-0.6.3.tgz 0ms (cache hit)
232 http cache dunder-proto@https://registry.npmjs.org/dunder-proto/-/dunder-proto-1.0.1.tgz 0ms (cache hit)
233 http cache math-intrinsics@https://registry.npmjs.org/math-intrinsics/-/math-intrinsics-1.1.0.tgz 0ms (cache hit)
234 http cache has-symbols@https://registry.npmjs.org/has-symbols/-/has-symbols-1.1.0.tgz 0ms (cache hit)
235 http cache gopd@https://registry.npmjs.org/gopd/-/gopd-1.2.0.tgz 0ms (cache hit)
236 http cache get-proto@https://registry.npmjs.org/get-proto/-/get-proto-1.0.1.tgz 0ms (cache hit)
237 http cache es-object-atoms@https://registry.npmjs.org/es-object-atoms/-/es-object-atoms-1.1.1.tgz 0ms (cache hit)
238 http cache es-define-property@https://registry.npmjs.org/es-define-property/-/es-define-property-1.0.1.tgz 0ms (cache hit)
239 http cache function-bind@https://registry.npmjs.org/function-bind/-/function-bind-1.1.2.tgz 0ms (cache hit)
240 http cache call-bind-apply-helpers@https://registry.npmjs.org/call-bind-apply-helpers/-/call-bind-apply-helpers-1.0.2.tgz 0ms (cache hit)
241 http cache get-intrinsic@https://registry.npmjs.org/get-intrinsic/-/get-intrinsic-1.3.0.tgz 0ms (cache hit)
242 http cache call-bound@https://registry.npmjs.org/call-bound/-/call-bound-1.0.4.tgz 0ms (cache hit)
243 http cache side-channel-weakmap@https://registry.npmjs.org/side-channel-weakmap/-/side-channel-weakmap-1.0.2.tgz 0ms (cache hit)
244 http cache side-channel-map@https://registry.npmjs.org/side-channel-map/-/side-channel-map-1.0.1.tgz 0ms (cache hit)
245 http cache side-channel-list@https://registry.npmjs.org/side-channel-list/-/side-channel-list-1.0.0.tgz 0ms (cache hit)
246 http cache object-inspect@https://registry.npmjs.org/object-inspect/-/object-inspect-1.13.4.tgz 0ms (cache hit)
247 http cache hasown@https://registry.npmjs.org/hasown/-/hasown-2.0.2.tgz 0ms (cache hit)
248 http cache es-errors@https://registry.npmjs.org/es-errors/-/es-errors-1.3.0.tgz 0ms (cache hit)
249 http cache side-channel@https://registry.npmjs.org/side-channel/-/side-channel-1.1.0.tgz 0ms (cache hit)
250 http cache qs@https://registry.npmjs.org/qs/-/qs-6.14.0.tgz 0ms (cache hit)
251 http cache follow-redirects@https://registry.npmjs.org/follow-redirects/-/follow-redirects-1.15.11.tgz 0ms (cache hit)
252 http cache requires-port@https://registry.npmjs.org/requires-port/-/requires-port-1.0.0.tgz 0ms (cache hit)
253 http cache eventemitter3@https://registry.npmjs.org/eventemitter3/-/eventemitter3-4.0.7.tgz 0ms (cache hit)
254 http cache async@https://registry.npmjs.org/async/-/async-3.2.6.tgz 0ms (cache hit)
255 http cache whatwg-encoding@https://registry.npmjs.org/whatwg-encoding/-/whatwg-encoding-2.0.0.tgz 0ms (cache hit)
256 http cache url-join@https://registry.npmjs.org/url-join/-/url-join-4.0.1.tgz 0ms (cache hit)
257 http cache safe-buffer@https://registry.npmjs.org/safe-buffer/-/safe-buffer-5.1.2.tgz 0ms (cache hit)
258 http cache secure-compare@https://registry.npmjs.org/secure-compare/-/secure-compare-3.0.1.tgz 0ms (cache hit)
259 http cache portfinder@https://registry.npmjs.org/portfinder/-/portfinder-1.0.38.tgz 0ms (cache hit)
260 http cache opener@https://registry.npmjs.org/opener/-/opener-1.5.2.tgz 0ms (cache hit)
261 http cache union@https://registry.npmjs.org/union/-/union-0.5.0.tgz 0ms (cache hit)
262 http cache minimist@https://registry.npmjs.org/minimist/-/minimist-1.2.8.tgz 0ms (cache hit)
263 http cache http-proxy@https://registry.npmjs.org/http-proxy/-/http-proxy-1.18.1.tgz 0ms (cache hit)
264 http cache he@https://registry.npmjs.org/he/-/he-1.2.0.tgz 0ms (cache hit)
265 http cache mime@https://registry.npmjs.org/mime/-/mime-1.6.0.tgz 0ms (cache hit)
266 http cache corser@https://registry.npmjs.org/corser/-/corser-2.0.1.tgz 0ms (cache hit)
267 http cache html-encoding-sniffer@https://registry.npmjs.org/html-encoding-sniffer/-/html-encoding-sniffer-3.0.0.tgz 0ms (cache hit)
268 http cache basic-auth@https://registry.npmjs.org/basic-auth/-/basic-auth-2.0.1.tgz 0ms (cache hit)
269 http cache http-server@https://registry.npmjs.org/http-server/-/http-server-14.1.1.tgz 0ms (cache hit)
270 silly tarball no local data for safer-buffer@https://registry.npmjs.org/safer-buffer/-/safer-buffer-2.1.2.tgz. Extracting by manifest.
271 silly tarball no local data for iconv-lite@https://registry.npmjs.org/iconv-lite/-/iconv-lite-0.6.3.tgz. Extracting by manifest.
272 silly tarball no local data for dunder-proto@https://registry.npmjs.org/dunder-proto/-/dunder-proto-1.0.1.tgz. Extracting by manifest.
273 silly tarball no local data for math-intrinsics@https://registry.npmjs.org/math-intrinsics/-/math-intrinsics-1.1.0.tgz. Extracting by manifest.
274 silly tarball no local data for has-symbols@https://registry.npmjs.org/has-symbols/-/has-symbols-1.1.0.tgz. Extracting by manifest.
275 silly tarball no local data for gopd@https://registry.npmjs.org/gopd/-/gopd-1.2.0.tgz. Extracting by manifest.
276 silly tarball no local data for get-proto@https://registry.npmjs.org/get-proto/-/get-proto-1.0.1.tgz. Extracting by manifest.
277 silly tarball no local data for es-object-atoms@https://registry.npmjs.org/es-object-atoms/-/es-object-atoms-1.1.1.tgz. Extracting by manifest.
278 silly tarball no local data for es-define-property@https://registry.npmjs.org/es-define-property/-/es-define-property-1.0.1.tgz. Extracting by manifest.
279 silly tarball no local data for function-bind@https://registry.npmjs.org/function-bind/-/function-bind-1.1.2.tgz. Extracting by manifest.
280 silly tarball no local data for call-bind-apply-helpers@https://registry.npmjs.org/call-bind-apply-helpers/-/call-bind-apply-helpers-1.0.2.tgz. Extracting by manifest.
281 silly tarball no local data for get-intrinsic@https://registry.npmjs.org/get-intrinsic/-/get-intrinsic-1.3.0.tgz. Extracting by manifest.
282 silly tarball no local data for call-bound@https://registry.npmjs.org/call-bound/-/call-bound-1.0.4.tgz. Extracting by manifest.
283 silly tarball no local data for side-channel-weakmap@https://registry.npmjs.org/side-channel-weakmap/-/side-channel-weakmap-1.0.2.tgz. Extracting by manifest.
284 silly tarball no local data for side-channel-map@https://registry.npmjs.org/side-channel-map/-/side-channel-map-1.0.1.tgz. Extracting by manifest.
285 silly tarball no local data for side-channel-list@https://registry.npmjs.org/side-channel-list/-/side-channel-list-1.0.0.tgz. Extracting by manifest.
286 silly tarball no local data for object-inspect@https://registry.npmjs.org/object-inspect/-/object-inspect-1.13.4.tgz. Extracting by manifest.
287 silly tarball no local data for hasown@https://registry.npmjs.org/hasown/-/hasown-2.0.2.tgz. Extracting by manifest.
288 silly tarball no local data for es-errors@https://registry.npmjs.org/es-errors/-/es-errors-1.3.0.tgz. Extracting by manifest.
289 silly tarball no local data for side-channel@https://registry.npmjs.org/side-channel/-/side-channel-1.1.0.tgz. Extracting by manifest.
290 silly tarball no local data for qs@https://registry.npmjs.org/qs/-/qs-6.14.0.tgz. Extracting by manifest.
291 silly tarball no local data for follow-redirects@https://registry.npmjs.org/follow-redirects/-/follow-redirects-1.15.11.tgz. Extracting by manifest.
292 silly tarball no local data for requires-port@https://registry.npmjs.org/requires-port/-/requires-port-1.0.0.tgz. Extracting by manifest.
293 silly tarball no local data for eventemitter3@https://registry.npmjs.org/eventemitter3/-/eventemitter3-4.0.7.tgz. Extracting by manifest.
294 silly tarball no local data for async@https://registry.npmjs.org/async/-/async-3.2.6.tgz. Extracting by manifest.
295 silly tarball no local data for whatwg-encoding@https://registry.npmjs.org/whatwg-encoding/-/whatwg-encoding-2.0.0.tgz. Extracting by manifest.
296 silly tarball no local data for url-join@https://registry.npmjs.org/url-join/-/url-join-4.0.1.tgz. Extracting by manifest.
297 silly tarball no local data for safe-buffer@https://registry.npmjs.org/safe-buffer/-/safe-buffer-5.1.2.tgz. Extracting by manifest.
298 silly tarball no local data for secure-compare@https://registry.npmjs.org/secure-compare/-/secure-compare-3.0.1.tgz. Extracting by manifest.
299 silly tarball no local data for portfinder@https://registry.npmjs.org/portfinder/-/portfinder-1.0.38.tgz. Extracting by manifest.
300 silly tarball no local data for opener@https://registry.npmjs.org/opener/-/opener-1.5.2.tgz. Extracting by manifest.
301 silly tarball no local data for union@https://registry.npmjs.org/union/-/union-0.5.0.tgz. Extracting by manifest.
302 silly tarball no local data for minimist@https://registry.npmjs.org/minimist/-/minimist-1.2.8.tgz. Extracting by manifest.
303 silly tarball no local data for http-proxy@https://registry.npmjs.org/http-proxy/-/http-proxy-1.18.1.tgz. Extracting by manifest.
304 silly tarball no local data for he@https://registry.npmjs.org/he/-/he-1.2.0.tgz. Extracting by manifest.
305 silly tarball no local data for mime@https://registry.npmjs.org/mime/-/mime-1.6.0.tgz. Extracting by manifest.
306 silly tarball no local data for corser@https://registry.npmjs.org/corser/-/corser-2.0.1.tgz. Extracting by manifest.
307 silly tarball no local data for html-encoding-sniffer@https://registry.npmjs.org/html-encoding-sniffer/-/html-encoding-sniffer-3.0.0.tgz. Extracting by manifest.
308 silly tarball no local data for basic-auth@https://registry.npmjs.org/basic-auth/-/basic-auth-2.0.1.tgz. Extracting by manifest.
309 silly tarball no local data for http-server@https://registry.npmjs.org/http-server/-/http-server-14.1.1.tgz. Extracting by manifest.
310 http fetch GET 200 https://registry.npmjs.org/gopd/-/gopd-1.2.0.tgz 94ms (cache miss)
311 http fetch GET 200 https://registry.npmjs.org/dunder-proto/-/dunder-proto-1.0.1.tgz 95ms (cache miss)
312 http fetch GET 200 https://registry.npmjs.org/get-proto/-/get-proto-1.0.1.tgz 95ms (cache miss)
313 http fetch GET 200 https://registry.npmjs.org/math-intrinsics/-/math-intrinsics-1.1.0.tgz 103ms (cache miss)
314 http fetch GET 200 https://registry.npmjs.org/has-symbols/-/has-symbols-1.1.0.tgz 106ms (cache miss)
315 http fetch GET 200 https://registry.npmjs.org/iconv-lite/-/iconv-lite-0.6.3.tgz 107ms (cache miss)
316 http fetch GET 200 https://registry.npmjs.org/safer-buffer/-/safer-buffer-2.1.2.tgz 125ms (cache miss)
317 http fetch POST 200 https://registry.npmjs.org/-/npm/v1/security/advisories/bulk 141ms
318 silly audit report {}
319 http fetch GET 200 https://registry.npmjs.org/side-channel-map/-/side-channel-map-1.0.1.tgz 129ms (cache miss)
320 http fetch GET 200 https://registry.npmjs.org/side-channel-list/-/side-channel-list-1.0.0.tgz 145ms (cache miss)
321 http fetch GET 200 https://registry.npmjs.org/side-channel/-/side-channel-1.1.0.tgz 151ms (cache miss)
322 http fetch GET 200 https://registry.npmjs.org/object-inspect/-/object-inspect-1.13.4.tgz 153ms (cache miss)
323 http fetch GET 200 https://registry.npmjs.org/function-bind/-/function-bind-1.1.2.tgz 155ms (cache miss)
324 http fetch GET 200 https://registry.npmjs.org/call-bind-apply-helpers/-/call-bind-apply-helpers-1.0.2.tgz 155ms (cache miss)
325 http fetch GET 200 https://registry.npmjs.org/side-channel-weakmap/-/side-channel-weakmap-1.0.2.tgz 162ms (cache miss)
326 http fetch GET 200 https://registry.npmjs.org/es-define-property/-/es-define-property-1.0.1.tgz 165ms (cache miss)
327 http fetch GET 200 https://registry.npmjs.org/hasown/-/hasown-2.0.2.tgz 162ms (cache miss)
328 http fetch GET 200 https://registry.npmjs.org/es-object-atoms/-/es-object-atoms-1.1.1.tgz 168ms (cache miss)
329 http fetch GET 200 https://registry.npmjs.org/qs/-/qs-6.14.0.tgz 169ms (cache miss)
330 http fetch GET 200 https://registry.npmjs.org/get-intrinsic/-/get-intrinsic-1.3.0.tgz 172ms (cache miss)
331 http fetch GET 200 https://registry.npmjs.org/call-bound/-/call-bound-1.0.4.tgz 176ms (cache miss)
332 http fetch GET 200 https://registry.npmjs.org/follow-redirects/-/follow-redirects-1.15.11.tgz 179ms (cache miss)
333 http fetch GET 200 https://registry.npmjs.org/requires-port/-/requires-port-1.0.0.tgz 188ms (cache miss)
334 http fetch GET 200 https://registry.npmjs.org/es-errors/-/es-errors-1.3.0.tgz 190ms (cache miss)
335 http fetch GET 200 https://registry.npmjs.org/eventemitter3/-/eventemitter3-4.0.7.tgz 205ms (cache miss)
336 http fetch GET 200 https://registry.npmjs.org/whatwg-encoding/-/whatwg-encoding-2.0.0.tgz 207ms (cache miss)
337 http fetch GET 200 https://registry.npmjs.org/url-join/-/url-join-4.0.1.tgz 207ms (cache miss)
338 http fetch GET 200 https://registry.npmjs.org/minimist/-/minimist-1.2.8.tgz 214ms (cache miss)
339 http fetch GET 200 https://registry.npmjs.org/portfinder/-/portfinder-1.0.38.tgz 219ms (cache miss)
340 http fetch GET 200 https://registry.npmjs.org/secure-compare/-/secure-compare-3.0.1.tgz 220ms (cache miss)
341 http fetch GET 200 https://registry.npmjs.org/mime/-/mime-1.6.0.tgz 229ms (cache miss)
342 http fetch GET 200 https://registry.npmjs.org/union/-/union-0.5.0.tgz 230ms (cache miss)
343 http fetch GET 200 https://registry.npmjs.org/async/-/async-3.2.6.tgz 233ms (cache miss)
344 http fetch GET 200 https://registry.npmjs.org/http-proxy/-/http-proxy-1.18.1.tgz 234ms (cache miss)
345 http fetch GET 200 https://registry.npmjs.org/safe-buffer/-/safe-buffer-5.1.2.tgz 237ms (cache miss)
346 http fetch GET 200 https://registry.npmjs.org/opener/-/opener-1.5.2.tgz 237ms (cache miss)
347 http fetch GET 200 https://registry.npmjs.org/he/-/he-1.2.0.tgz 237ms (cache miss)
348 http fetch GET 200 https://registry.npmjs.org/html-encoding-sniffer/-/html-encoding-sniffer-3.0.0.tgz 241ms (cache miss)
349 http fetch GET 200 https://registry.npmjs.org/corser/-/corser-2.0.1.tgz 249ms (cache miss)
350 http fetch GET 200 https://registry.npmjs.org/http-server/-/http-server-14.1.1.tgz 253ms (cache miss)
351 http fetch GET 200 https://registry.npmjs.org/basic-auth/-/basic-auth-2.0.1.tgz 379ms (cache miss)
352 silly ADD node_modules/safer-buffer
353 silly ADD node_modules/iconv-lite
354 silly ADD node_modules/dunder-proto
355 silly ADD node_modules/math-intrinsics
356 silly ADD node_modules/hasown
357 silly ADD node_modules/has-symbols
358 silly ADD node_modules/gopd
359 silly ADD node_modules/get-proto
360 silly ADD node_modules/es-object-atoms
361 silly ADD node_modules/es-define-property
362 silly ADD node_modules/function-bind
363 silly ADD node_modules/call-bind-apply-helpers
364 silly ADD node_modules/get-intrinsic
365 silly ADD node_modules/call-bound
366 silly ADD node_modules/side-channel-weakmap
367 silly ADD node_modules/side-channel-map
368 silly ADD node_modules/side-channel-list
369 silly ADD node_modules/object-inspect
370 silly ADD node_modules/es-errors
371 silly ADD node_modules/side-channel
372 silly ADD node_modules/qs
373 silly ADD node_modules/async
374 silly ADD node_modules/requires-port
375 silly ADD node_modules/follow-redirects
376 silly ADD node_modules/eventemitter3
377 silly ADD node_modules/whatwg-encoding
378 silly ADD node_modules/safe-buffer
379 silly ADD node_modules/url-join
380 silly ADD node_modules/union
381 silly ADD node_modules/secure-compare
382 silly ADD node_modules/portfinder
383 silly ADD node_modules/opener
384 silly ADD node_modules/minimist
385 silly ADD node_modules/mime
386 silly ADD node_modules/http-proxy
387 silly ADD node_modules/html-encoding-sniffer
388 silly ADD node_modules/he
389 silly ADD node_modules/corser
390 silly ADD node_modules/basic-auth
391 silly ADD node_modules/http-server
392 verbose cwd /Users/oolong_/Desktop/CS5610/Week02/Personal_page/Shaobo_Homepage
393 verbose os Darwin 25.0.0
394 verbose node v24.9.0
395 verbose npm  v11.6.0
396 notice
396 notice New patch version of npm available! 11.6.0 -> 11.6.2
396 notice Changelog: https://github.com/npm/cli/releases/tag/v11.6.2
396 notice To update run: npm install -g npm@11.6.2
396 notice  { force: true, Symbol(proc-log.meta): true }
397 verbose exit 0
398 info ok
